<?xml version="1.0" encoding="UTF-8"?>
<!-- Generated by org.testng.reporters.JUnitReportReporter -->
<testsuite hostname="LAPTOP-8B4JHI0P" failures="0" tests="3" name="testcases.rediff.PortfolioManagement" time="0.002" errors="0" timestamp="2021-03-25T14:58:09 GST" skipped="3">
  <testcase classname="testcases.rediff.PortfolioManagement" name="deletePortfolio" time="0.001">
    <skipped/>
  </testcase> <!-- deletePortfolio -->
  <system-out/>
  <testcase classname="testcases.rediff.PortfolioManagement" name="selectPortFolio" time="0.000">
    <skipped/>
  </testcase> <!-- selectPortFolio -->
  <system-out/>
  <testcase classname="testcases.rediff.PortfolioManagement" name="createPortfolio" time="0.001">
    <skipped/>
  </testcase> <!-- createPortfolio -->
  <system-out/>
</testsuite> <!-- testcases.rediff.PortfolioManagement -->
