<?xml version="1.0" encoding="UTF-8"?>
<!-- Generated by org.testng.reporters.JUnitReportReporter -->
<testsuite hostname="LAPTOP-8B4JHI0P" failures="0" tests="2" name="testcases.rediff.Session" time="0.002" errors="0" timestamp="2021-03-25T14:58:09 GST" skipped="2">
  <testcase classname="testcases.rediff.Session" name="doLogin" time="0.001">
    <skipped/>
  </testcase> <!-- doLogin -->
  <system-out/>
  <testcase classname="testcases.rediff.Session" name="doLogout" time="0.001">
    <skipped/>
  </testcase> <!-- doLogout -->
  <system-out/>
</testsuite> <!-- testcases.rediff.Session -->
